<?xml version="1.0" encoding="UTF-8"?>
<testsuite name="org.example.UserDaoTest" tests="1" skipped="0" failures="0" errors="0" timestamp="2022-09-05T12:13:41" hostname="DESKTOP-BC75VFH" time="0.307">
  <properties/>
  <testcase name="createTest()" classname="org.example.UserDaoTest" time="0.307"/>
  <system-out><![CDATA[]]></system-out>
  <system-err><![CDATA[SLF4J: Failed to load class "org.slf4j.impl.StaticLoggerBinder".
SLF4J: Defaulting to no-operation (NOP) logger implementation
SLF4J: See http://www.slf4j.org/codes.html#StaticLoggerBinder for further details.
]]></system-err>
</testsuite>
