<?xml version="1.0" encoding="UTF-8"?>
<testsuite name="org.example.ReflectionTest" tests="1" skipped="0" failures="0" errors="0" timestamp="2022-09-06T05:13:10" hostname="DESKTOP-BC75VFH" time="0.056">
  <properties/>
  <testcase name="load()" classname="org.example.ReflectionTest" time="0.056"/>
  <system-out><![CDATA[14:13:10.696 [Test worker] DEBUG org.example.ReflectionTest - clazz: [class org.example.model.User]
14:13:10.699 [Test worker] DEBUG org.example.ReflectionTest - clazz2: [class org.example.model.User]
14:13:10.699 [Test worker] DEBUG org.example.ReflectionTest - clazz3: [class org.example.model.User]
]]></system-out>
  <system-err><![CDATA[]]></system-err>
</testsuite>
